<?xml version="1.0" encoding="UTF-8"?>
<testsuite name="org.active.one.noah.runners.TestCaseRunner" tests="0" skipped="0" failures="0" errors="0" timestamp="1970-01-01T00:00:00" hostname="DESKTOP-BR4GADO" time="0.0">
  <properties/>
  <system-out><![CDATA[20:34:21.264 [Test worker] INFO  i.c.core.plugin.SerenityReporter - Running feature from file:///C:/Users/USUARIO/IdeaProjects/ChallengeActiveOne/src/test/resources/features/noah/create_new_referral.feature
20:34:21.516 [Test worker] INFO   - ?[96m

-------------------------------------------------------------------------------------
     _______. _______ .______       _______ .__   __.  __  .___________.____    ____ 
    /       ||   ____||   _  \     |   ____||  \ |  | |  | |           |\   \  /   / 
   |   (----`|  |__   |  |_)  |    |  |__   |   \|  | |  | `---|  |----` \   \/   /  
    \   \    |   __|  |      /     |   __|  |  . `  | |  |     |  |       \_    _/   
.----)   |   |  |____ |  |\  \----.|  |____ |  |\   | |  |     |  |         |  |     
|_______/    |_______|| _| `._____||_______||__| \__| |__|     |__|         |__|    
                                                                                     
 News and tutorials at http://www.serenity-bdd.info                                  
 Documentation at https://wakaleo.gitbooks.io/the-serenity-book/content/             
 Join the Serenity Community on Gitter: https://gitter.im/serenity-bdd/serenity-core 
 Serenity BDD Support and Training at http://serenity-bdd.info/#/trainingandsupport  
-------------------------------------------------------------------------------------
?[0m
20:34:21.524 [Test worker] INFO   - Test Suite Started: Create new referral in Noah web app

1 Scenarios (?[32m1 passed?[0m)
17 Steps (?[32m17 passed?[0m)
2m14.239s


20:36:35.727 [pool-1-thread-1] INFO  n.t.core.reports.ReportService - net.thucydides.core.reports.json.JSONTestOutcomeReporter@2a2815cc: Generating report for test outcome: Create new referral in Noah web app:Create new referral
20:36:35.853 [pool-2-thread-1] INFO  n.t.core.reports.ReportService - net.thucydides.core.reports.html.HtmlAcceptanceTestReporter@1e09c0b: Generating report for test outcome: Create new referral in Noah web app:Create new referral
20:36:43.099 [Test worker] INFO  i.c.core.plugin.SerenityReporter - Cleanup test resources for URI file:///C:/Users/USUARIO/IdeaProjects/ChallengeActiveOne/src/test/resources/features/noah/create_new_referral.feature
]]></system-out>
  <system-err><![CDATA[]]></system-err>
</testsuite>
